<?xml version="1.0" encoding="UTF-8"?>
<testng-results ignored="0" total="1" passed="1" failed="0" skipped="0">
  <reporter-output>
  </reporter-output>
  <suite started-at="2025-07-17T16:39:33 IST" name="Default suite" finished-at="2025-07-17T16:39:33 IST" duration-ms="58">
    <groups>
    </groups>
    <test started-at="2025-07-17T16:39:33 IST" name="Default test" finished-at="2025-07-17T16:39:33 IST" duration-ms="58">
      <class name="testng.WorkingWithAssertions">
        <test-method signature="test()[pri:0, instance:testng.WorkingWithAssertions@5bda8e08]" started-at="2025-07-17T16:39:33 IST" name="test" finished-at="2025-07-17T16:39:33 IST" duration-ms="21" status="PASS">
          <reporter-output>
          </reporter-output>
        </test-method> <!-- test -->
      </class> <!-- testng.WorkingWithAssertions -->
    </test> <!-- Default test -->
  </suite> <!-- Default suite -->
</testng-results>
